# JRE version: Java(TM) SE Runtime Environment (8.0_161-b12) (build 1.8.0_161-b12)
# Java VM: Java HotSpot(TM) 64-Bit Server VM (25.161-b12 mixed mode windows-amd64 compressed oops)
Heap:
 PSYoungGen      total 276480K, used 131572K [0x00000000d5d80000, 0x00000000eba80000, 0x0000000100000000)
  eden space 261120K, 44% used [0x00000000d5d80000,0x00000000dcf04938,0x00000000e5c80000)
  from space 15360K, 99% used [0x00000000e5c80000,0x00000000e6b789b0,0x00000000e6b80000)
  to   space 17408K, 0% used [0x00000000ea980000,0x00000000ea980000,0x00000000eba80000)
 ParOldGen       total 101888K, used 26165K [0x0000000081800000, 0x0000000087b80000, 0x00000000d5d80000)
  object space 101888K, 25% used [0x0000000081800000,0x000000008318d740,0x0000000087b80000)
 Metaspace       used 41803K, capacity 42286K, committed 42712K, reserved 1087488K
  class space    used 5421K, capacity 5567K, committed 5592K, reserved 1048576K
GC Heap History (10 events):
Event: 7.743 GC heap before
{Heap before GC invocations=14 (full 2):
 PSYoungGen      total 219136K, used 206336K [0x00000000d5d80000, 0x00000000e7d00000, 0x0000000100000000)
  eden space 206336K, 100% used [0x00000000d5d80000,0x00000000e2700000,0x00000000e2700000)
  from space 12800K, 0% used [0x00000000e2700000,0x00000000e2700000,0x00000000e3380000)
  to   space 15872K, 0% used [0x00000000e6d80000,0x00000000e6d80000,0x00000000e7d00000)
 ParOldGen       total 101888K, used 25152K [0x0000000081800000, 0x0000000087b80000, 0x00000000d5d80000)
  object space 101888K, 24% used [0x0000000081800000,0x00000000830903a0,0x0000000087b80000)
 Metaspace       used 39986K, capacity 40496K, committed 40920K, reserved 1085440K
  class space    used 5197K, capacity 5336K, committed 5336K, reserved 1048576K
Event: 7.773 GC heap after
Heap after GC invocations=14 (full 2):
 PSYoungGen      total 274432K, used 11781K [0x00000000d5d80000, 0x00000000e7b80000, 0x0000000100000000)
  eden space 260096K, 0% used [0x00000000d5d80000,0x00000000d5d80000,0x00000000e5b80000)
  from space 14336K, 82% used [0x00000000e6d80000,0x00000000e7901638,0x00000000e7b80000)
  to   space 16384K, 0% used [0x00000000e5b80000,0x00000000e5b80000,0x00000000e6b80000)
 ParOldGen       total 101888K, used 25160K [0x0000000081800000, 0x0000000087b80000, 0x00000000d5d80000)
  object space 101888K, 24% used [0x0000000081800000,0x00000000830923a0,0x0000000087b80000)
 Metaspace       used 39986K, capacity 40496K, committed 40920K, reserved 1085440K
  class space    used 5197K, capacity 5336K, committed 5336K, reserved 1048576K
}
Event: 136.211 GC heap before
{Heap before GC invocations=15 (full 2):
 PSYoungGen      total 274432K, used 65576K [0x00000000d5d80000, 0x00000000e7b80000, 0x0000000100000000)
  eden space 260096K, 20% used [0x00000000d5d80000,0x00000000d9208a88,0x00000000e5b80000)
  from space 14336K, 82% used [0x00000000e6d80000,0x00000000e7901638,0x00000000e7b80000)
  to   space 16384K, 0% used [0x00000000e5b80000,0x00000000e5b80000,0x00000000e6b80000)
 ParOldGen       total 101888K, used 25160K [0x0000000081800000, 0x0000000087b80000, 0x00000000d5d80000)
  object space 101888K, 24% used [0x0000000081800000,0x00000000830923a0,0x0000000087b80000)
 Metaspace       used 41764K, capacity 42262K, committed 42712K, reserved 1087488K
  class space    used 5416K, capacity 5562K, committed 5592K, reserved 1048576K
Event: 136.234 GC heap after
Heap after GC invocations=15 (full 2):
 PSYoungGen      total 276480K, used 9915K [0x00000000d5d80000, 0x00000000e7b80000, 0x0000000100000000)
  eden space 260096K, 0% used [0x00000000d5d80000,0x00000000d5d80000,0x00000000e5b80000)
  from space 16384K, 60% used [0x00000000e5b80000,0x00000000e652ecd0,0x00000000e6b80000)
  to   space 16384K, 0% used [0x00000000e6b80000,0x00000000e6b80000,0x00000000e7b80000)
 ParOldGen       total 101888K, used 25168K [0x0000000081800000, 0x0000000087b80000, 0x00000000d5d80000)
  object space 101888K, 24% used [0x0000000081800000,0x00000000830943a0,0x0000000087b80000)
 Metaspace       used 41764K, capacity 42262K, committed 42712K, reserved 1087488K
  class space    used 5416K, capacity 5562K, committed 5592K, reserved 1048576K
}
Event: 136.234 GC heap before
{Heap before GC invocations=16 (full 3):
 PSYoungGen      total 276480K, used 9915K [0x00000000d5d80000, 0x00000000e7b80000, 0x0000000100000000)
  eden space 260096K, 0% used [0x00000000d5d80000,0x00000000d5d80000,0x00000000e5b80000)
  from space 16384K, 60% used [0x00000000e5b80000,0x00000000e652ecd0,0x00000000e6b80000)
  to   space 16384K, 0% used [0x00000000e6b80000,0x00000000e6b80000,0x00000000e7b80000)
 ParOldGen       total 101888K, used 25168K [0x0000000081800000, 0x0000000087b80000, 0x00000000d5d80000)
  object space 101888K, 24% used [0x0000000081800000,0x00000000830943a0,0x0000000087b80000)
 Metaspace       used 41764K, capacity 42262K, committed 42712K, reserved 1087488K
  class space    used 5416K, capacity 5562K, committed 5592K, reserved 1048576K
Event: 136.399 GC heap after
Heap after GC invocations=16 (full 3):
 PSYoungGen      total 276480K, used 0K [0x00000000d5d80000, 0x00000000e7b80000, 0x0000000100000000)
  eden space 260096K, 0% used [0x00000000d5d80000,0x00000000d5d80000,0x00000000e5b80000)
  from space 16384K, 0% used [0x00000000e5b80000,0x00000000e5b80000,0x00000000e6b80000)
  to   space 16384K, 0% used [0x00000000e6b80000,0x00000000e6b80000,0x00000000e7b80000)
 ParOldGen       total 101888K, used 25762K [0x0000000081800000, 0x0000000087b80000, 0x00000000d5d80000)
  object space 101888K, 25% used [0x0000000081800000,0x0000000083128a48,0x0000000087b80000)
 Metaspace       used 41764K, capacity 42262K, committed 42712K, reserved 1087488K
  class space    used 5416K, capacity 5562K, committed 5592K, reserved 1048576K
}
Event: 137.346 GC heap before
{Heap before GC invocations=17 (full 3):
 PSYoungGen      total 276480K, used 260096K [0x00000000d5d80000, 0x00000000e7b80000, 0x0000000100000000)
  eden space 260096K, 100% used [0x00000000d5d80000,0x00000000e5b80000,0x00000000e5b80000)
  from space 16384K, 0% used [0x00000000e5b80000,0x00000000e5b80000,0x00000000e6b80000)
  to   space 16384K, 0% used [0x00000000e6b80000,0x00000000e6b80000,0x00000000e7b80000)
 ParOldGen       total 101888K, used 25762K [0x0000000081800000, 0x0000000087b80000, 0x00000000d5d80000)
  object space 101888K, 25% used [0x0000000081800000,0x0000000083128a48,0x0000000087b80000)
 Metaspace       used 41803K, capacity 42286K, committed 42712K, reserved 1087488K
  class space    used 5421K, capacity 5567K, committed 5592K, reserved 1048576K
Event: 137.358 GC heap after
Heap after GC invocations=17 (full 3):
 PSYoungGen      total 277504K, used 8858K [0x00000000d5d80000, 0x00000000eb700000, 0x0000000100000000)
  eden space 261120K, 0% used [0x00000000d5d80000,0x00000000d5d80000,0x00000000e5c80000)
  from space 16384K, 54% used [0x00000000e6b80000,0x00000000e7426ba0,0x00000000e7b80000)
  to   space 15360K, 0% used [0x00000000e5c80000,0x00000000e5c80000,0x00000000e6b80000)
 ParOldGen       total 101888K, used 25770K [0x0000000081800000, 0x0000000087b80000, 0x00000000d5d80000)
  object space 101888K, 25% used [0x0000000081800000,0x000000008312aa48,0x0000000087b80000)
 Metaspace       used 41803K, capacity 42286K, committed 42712K, reserved 1087488K
  class space    used 5421K, capacity 5567K, committed 5592K, reserved 1048576K
}
Event: 138.271 GC heap before
{Heap before GC invocations=18 (full 3):
 PSYoungGen      total 277504K, used 269978K [0x00000000d5d80000, 0x00000000eb700000, 0x0000000100000000)
  eden space 261120K, 100% used [0x00000000d5d80000,0x00000000e5c80000,0x00000000e5c80000)
  from space 16384K, 54% used [0x00000000e6b80000,0x00000000e7426ba0,0x00000000e7b80000)
  to   space 15360K, 0% used [0x00000000e5c80000,0x00000000e5c80000,0x00000000e6b80000)
 ParOldGen       total 101888K, used 25770K [0x0000000081800000, 0x0000000087b80000, 0x00000000d5d80000)
  object space 101888K, 25% used [0x0000000081800000,0x000000008312aa48,0x0000000087b80000)
 Metaspace       used 41803K, capacity 42286K, committed 42712K, reserved 1087488K
  class space    used 5421K, capacity 5567K, committed 5592K, reserved 1048576K
Event: 138.286 GC heap after
Heap after GC invocations=18 (full 3):
 PSYoungGen      total 276480K, used 15330K [0x00000000d5d80000, 0x00000000eba80000, 0x0000000100000000)
  eden space 261120K, 0% used [0x00000000d5d80000,0x00000000d5d80000,0x00000000e5c80000)
  from space 15360K, 99% used [0x00000000e5c80000,0x00000000e6b789b0,0x00000000e6b80000)
  to   space 17408K, 0% used [0x00000000ea980000,0x00000000ea980000,0x00000000eba80000)
 ParOldGen       total 101888K, used 26165K [0x0000000081800000, 0x0000000087b80000, 0x00000000d5d80000)
  object space 101888K, 25% used [0x0000000081800000,0x000000008318d740,0x0000000087b80000)
 Metaspace       used 41803K, capacity 42286K, committed 42712K, reserved 1087488K
  class space    used 5421K, capacity 5567K, committed 5592K, reserved 1048576K
}

